<?xml version="1.0" encoding="UTF-8"?>
<testng-results ignored="0" total="1" passed="1" failed="0" skipped="0">
  <reporter-output>
  </reporter-output>
  <suite started-at="2022-07-29T20:18:29 IST" name="Default suite" finished-at="2022-07-29T20:19:31 IST" duration-ms="61327">
    <groups>
      <group name="cucumber">
        <method signature="AbstractTestNGCucumberTests.runScenario(io.cucumber.testng.PickleWrapper,io.cucumber.testng.FeatureWrapper)[pri:0, instance:runner.CucumberRunner@1a482e36]" name="runScenario" class="io.cucumber.testng.AbstractTestNGCucumberTests"/>
      </group> <!-- cucumber -->
    </groups>
    <test started-at="2022-07-29T20:18:29 IST" name="Default test" finished-at="2022-07-29T20:19:31 IST" duration-ms="61327">
      <class name="runner.CucumberRunner">
        <test-method is-config="true" signature="setUpClass(org.testng.ITestContext)[pri:0, instance:runner.CucumberRunner@1a482e36]" started-at="2022-07-29T20:18:29 IST" name="setUpClass" finished-at="2022-07-29T20:18:31 IST" duration-ms="1534" status="PASS">
          <params>
            <param index="0">
              <value>
                <![CDATA[org.testng.TestRunner@2443abd6]]>
              </value>
            </param>
          </params>
          <reporter-output>
          </reporter-output>
        </test-method> <!-- setUpClass -->
        <test-method is-config="true" signature="preCondition_login()[pri:0, instance:runner.CucumberRunner@1a482e36]" started-at="2022-07-29T20:18:31 IST" name="preCondition_login" finished-at="2022-07-29T20:19:00 IST" duration-ms="28952" status="PASS">
          <reporter-output>
          </reporter-output>
        </test-method> <!-- preCondition_login -->
        <test-method signature="runScenario(io.cucumber.testng.PickleWrapper,io.cucumber.testng.FeatureWrapper)[pri:0, instance:runner.CucumberRunner@1a482e36]" started-at="2022-07-29T20:19:00 IST" name="runScenario" description="Runs Cucumber Scenarios" data-provider="scenarios" finished-at="2022-07-29T20:19:26 IST" duration-ms="25637" status="PASS">
          <params>
            <param index="0">
              <value>
                <![CDATA["Test CreateLead Functionalitty"]]>
              </value>
            </param>
            <param index="1">
              <value>
                <![CDATA["Optional[CreateLead in leafTab]"]]>
              </value>
            </param>
          </params>
          <reporter-output>
          </reporter-output>
        </test-method> <!-- runScenario -->
        <test-method is-config="true" signature="postCondition_close()[pri:0, instance:runner.CucumberRunner@1a482e36]" started-at="2022-07-29T20:19:26 IST" name="postCondition_close" finished-at="2022-07-29T20:19:28 IST" duration-ms="2243" status="PASS">
          <reporter-output>
          </reporter-output>
        </test-method> <!-- postCondition_close -->
        <test-method is-config="true" signature="tearDownClass()[pri:0, instance:runner.CucumberRunner@1a482e36]" started-at="2022-07-29T20:19:28 IST" name="tearDownClass" finished-at="2022-07-29T20:19:31 IST" duration-ms="2873" status="PASS">
          <reporter-output>
          </reporter-output>
        </test-method> <!-- tearDownClass -->
      </class> <!-- runner.CucumberRunner -->
    </test> <!-- Default test -->
  </suite> <!-- Default suite -->
</testng-results>
